<?xml version="1.0" encoding="UTF-8"?>
<coverage generated="1655721784067" clover="3.2.0">
  <project timestamp="1655721784067" name="All files">
    <metrics statements="31" coveredstatements="21" conditionals="3" coveredconditionals="1" methods="2" coveredmethods="1" elements="36" coveredelements="23" complexity="0" loc="31" ncloc="31" packages="2" files="2" classes="2"/>
    <package name="modules.paymentSplip.helpers.paymentSplipBank">
      <metrics statements="22" coveredstatements="15" conditionals="3" coveredconditionals="1" methods="1" coveredmethods="1"/>
      <file name="validateLineBank.ts" path="/home/daniel/Documentos/Dev/Projetos/e-wally/src/modules/paymentSplip/helpers/paymentSplipBank/validateLineBank.ts">
        <metrics statements="22" coveredstatements="15" conditionals="3" coveredconditionals="1" methods="1" coveredmethods="1"/>
        <line num="1" count="1" type="stmt"/>
        <line num="2" count="1" type="stmt"/>
        <line num="3" count="1" type="cond" truecount="1" falsecount="0"/>
        <line num="4" count="1" type="stmt"/>
        <line num="5" count="1" type="stmt"/>
        <line num="6" count="1" type="stmt"/>
        <line num="7" count="1" type="stmt"/>
        <line num="8" count="1" type="cond" truecount="0" falsecount="1"/>
        <line num="9" count="0" type="stmt"/>
        <line num="10" count="0" type="stmt"/>
        <line num="11" count="1" type="stmt"/>
        <line num="12" count="1" type="stmt"/>
        <line num="13" count="1" type="stmt"/>
        <line num="14" count="1" type="cond" truecount="0" falsecount="1"/>
        <line num="15" count="0" type="stmt"/>
        <line num="16" count="0" type="stmt"/>
        <line num="17" count="0" type="stmt"/>
        <line num="18" count="0" type="stmt"/>
        <line num="19" count="0" type="stmt"/>
        <line num="20" count="1" type="stmt"/>
        <line num="21" count="1" type="stmt"/>
        <line num="22" count="1" type="stmt"/>
      </file>
    </package>
    <package name="utils">
      <metrics statements="9" coveredstatements="6" conditionals="0" coveredconditionals="0" methods="1" coveredmethods="0"/>
      <file name="appError.ts" path="/home/daniel/Documentos/Dev/Projetos/e-wally/src/utils/appError.ts">
        <metrics statements="9" coveredstatements="6" conditionals="0" coveredconditionals="0" methods="1" coveredmethods="0"/>
        <line num="1" count="1" type="stmt"/>
        <line num="2" count="1" type="stmt"/>
        <line num="3" count="1" type="stmt"/>
        <line num="4" count="1" type="stmt"/>
        <line num="5" count="1" type="stmt"/>
        <line num="6" count="0" type="stmt"/>
        <line num="7" count="0" type="stmt"/>
        <line num="8" count="0" type="stmt"/>
        <line num="9" count="1" type="stmt"/>
      </file>
    </package>
  </project>
</coverage>
