TN:
SF:src/modules/paymentSplip/helpers/paymentSplipBank/validateLineBank.ts
FN:3,validateLineBank
FNF:1
FNH:1
FNDA:1,validateLineBank
DA:1,1
DA:2,1
DA:3,1
DA:4,1
DA:5,1
DA:6,1
DA:7,1
DA:8,1
DA:9,0
DA:10,0
DA:11,1
DA:12,1
DA:13,1
DA:14,1
DA:15,0
DA:16,0
DA:17,0
DA:18,0
DA:19,0
DA:20,1
DA:21,1
DA:22,1
LF:22
LH:15
BRDA:3,0,0,1
BRDA:8,1,0,0
BRDA:14,2,0,0
BRF:3
BRH:1
end_of_record
TN:
SF:src/utils/appError.ts
FN:5,AppError
FNF:1
FNH:0
FNDA:0,AppError
DA:1,1
DA:2,1
DA:3,1
DA:4,1
DA:5,1
DA:6,0
DA:7,0
DA:8,0
DA:9,1
LF:9
LH:6
BRF:0
BRH:0
end_of_record
